{"C:\\Users\\Admin\\Desktop\\Universidad\\Séptimo semeste\\Compunet III\\backend-nodejs\\src\\index.ts": {"path":"C:\\Users\\Admin\\Desktop\\Universidad\\Séptimo semeste\\Compunet III\\backend-nodejs\\src\\index.ts","statementMap":{"0":{"start":{"line":2,"column":0},"end":{"line":2,"column":60}},"1":{"start":{"line":3,"column":0},"end":{"line":3,"column":28}},"2":{"start":{"line":4,"column":0},"end":{"line":4,"column":79}},"3":{"start":{"line":5,"column":0},"end":{"line":5,"column":42}},"4":{"start":{"line":7,"column":0},"end":{"line":7,"column":16}},"5":{"start":{"line":9,"column":21},"end":{"line":9,"column":30}},"6":{"start":{"line":10,"column":21},"end":{"line":10,"column":52}},"7":{"start":{"line":12,"column":0},"end":{"line":12,"column":24}},"8":{"start":{"line":13,"column":0},"end":{"line":13,"column":null}},"9":{"start":{"line":15,"column":0},"end":{"line":15,"column":29}},"10":{"start":{"line":16,"column":0},"end":{"line":16,"column":43}},"11":{"start":{"line":17,"column":0},"end":{"line":17,"column":40}},"12":{"start":{"line":19,"column":0},"end":{"line":21,"column":3}},"13":{"start":{"line":20,"column":4},"end":{"line":20,"column":28}},"14":{"start":{"line":23,"column":0},"end":{"line":25,"column":3}},"15":{"start":{"line":24,"column":4},"end":{"line":24,"column":40}},"16":{"start":{"line":27,"column":0},"end":{"line":29,"column":3}},"17":{"start":{"line":28,"column":4},"end":{"line":28,"column":40}},"18":{"start":{"line":31,"column":0},"end":{"line":44,"column":5}},"19":{"start":{"line":33,"column":4},"end":{"line":33,"column":52}},"20":{"start":{"line":34,"column":4},"end":{"line":34,"column":43}},"21":{"start":{"line":37,"column":4},"end":{"line":37,"column":55}},"22":{"start":{"line":38,"column":4},"end":{"line":40,"column":7}},"23":{"start":{"line":39,"column":6},"end":{"line":39,"column":55}},"24":{"start":{"line":43,"column":4},"end":{"line":43,"column":58}}},"fnMap":{"0":{"name":"(anonymous_1)","decl":{"start":{"line":19,"column":13},"end":{"line":19,"column":14}},"loc":{"start":{"line":19,"column":44},"end":{"line":21,"column":1}}},"1":{"name":"(anonymous_2)","decl":{"start":{"line":23,"column":18},"end":{"line":23,"column":19}},"loc":{"start":{"line":23,"column":49},"end":{"line":25,"column":1}}},"2":{"name":"(anonymous_3)","decl":{"start":{"line":27,"column":21},"end":{"line":27,"column":22}},"loc":{"start":{"line":27,"column":52},"end":{"line":29,"column":1}}},"3":{"name":"(anonymous_4)","decl":{"start":{"line":32,"column":8},"end":{"line":32,"column":11}},"loc":{"start":{"line":32,"column":13},"end":{"line":35,"column":3}}},"4":{"name":"(anonymous_5)","decl":{"start":{"line":36,"column":8},"end":{"line":36,"column":11}},"loc":{"start":{"line":36,"column":13},"end":{"line":41,"column":3}}},"5":{"name":"(anonymous_6)","decl":{"start":{"line":38,"column":21},"end":{"line":38,"column":24}},"loc":{"start":{"line":38,"column":26},"end":{"line":40,"column":5}}},"6":{"name":"(anonymous_7)","decl":{"start":{"line":42,"column":9},"end":{"line":42,"column":10}},"loc":{"start":{"line":42,"column":19},"end":{"line":44,"column":3}}}},"branchMap":{"0":{"loc":{"start":{"line":10,"column":21},"end":{"line":10,"column":52}},"type":"binary-expr","locations":[{"start":{"line":10,"column":21},"end":{"line":10,"column":44}},{"start":{"line":10,"column":48},"end":{"line":10,"column":52}}]}},"s":{"0":0,"1":0,"2":0,"3":0,"4":0,"5":0,"6":0,"7":0,"8":0,"9":0,"10":0,"11":0,"12":0,"13":0,"14":0,"15":0,"16":0,"17":0,"18":0,"19":0,"20":0,"21":0,"22":0,"23":0,"24":0},"f":{"0":0,"1":0,"2":0,"3":0,"4":0,"5":0,"6":0},"b":{"0":[0,0]}}
,"C:\\Users\\Admin\\Desktop\\Universidad\\Séptimo semeste\\Compunet III\\backend-nodejs\\src\\config\\database.ts": {"path":"C:\\Users\\Admin\\Desktop\\Universidad\\Séptimo semeste\\Compunet III\\backend-nodejs\\src\\config\\database.ts","statementMap":{"0":{"start":{"line":1,"column":0},"end":{"line":1,"column":38}},"1":{"start":{"line":2,"column":0},"end":{"line":2,"column":28}},"2":{"start":{"line":4,"column":0},"end":{"line":4,"column":16}},"3":{"start":{"line":6,"column":18},"end":{"line":21,"column":null}},"4":{"start":{"line":24,"column":0},"end":{"line":24,"column":25}}},"fnMap":{},"branchMap":{"0":{"loc":{"start":{"line":7,"column":2},"end":{"line":7,"column":35}},"type":"binary-expr","locations":[{"start":{"line":7,"column":2},"end":{"line":7,"column":21}},{"start":{"line":7,"column":25},"end":{"line":7,"column":35}}]},"1":{"loc":{"start":{"line":8,"column":2},"end":{"line":8,"column":35}},"type":"binary-expr","locations":[{"start":{"line":8,"column":2},"end":{"line":8,"column":21}},{"start":{"line":8,"column":25},"end":{"line":8,"column":35}}]},"2":{"loc":{"start":{"line":9,"column":2},"end":{"line":9,"column":39}},"type":"binary-expr","locations":[{"start":{"line":9,"column":2},"end":{"line":9,"column":25}},{"start":{"line":9,"column":29},"end":{"line":9,"column":39}}]},"3":{"loc":{"start":{"line":11,"column":10},"end":{"line":11,"column":44}},"type":"binary-expr","locations":[{"start":{"line":11,"column":10},"end":{"line":11,"column":29}},{"start":{"line":11,"column":33},"end":{"line":11,"column":44}}]},"4":{"loc":{"start":{"line":12,"column":19},"end":{"line":12,"column":48}},"type":"binary-expr","locations":[{"start":{"line":12,"column":19},"end":{"line":12,"column":38}},{"start":{"line":12,"column":42},"end":{"line":12,"column":48}}]},"5":{"loc":{"start":{"line":14,"column":13},"end":{"line":14,"column":73}},"type":"cond-expr","locations":[{"start":{"line":14,"column":54},"end":{"line":14,"column":65}},{"start":{"line":14,"column":68},"end":{"line":14,"column":73}}]}},"s":{"0":0,"1":0,"2":0,"3":0,"4":0},"f":{},"b":{"0":[0,0],"1":[0,0],"2":[0,0],"3":[0,0],"4":[0,0],"5":[0,0]}}
,"C:\\Users\\Admin\\Desktop\\Universidad\\Séptimo semeste\\Compunet III\\backend-nodejs\\src\\controllers\\category.controller.ts": {"path":"C:\\Users\\Admin\\Desktop\\Universidad\\Séptimo semeste\\Compunet III\\backend-nodejs\\src\\controllers\\category.controller.ts","statementMap":{"0":{"start":{"line":2,"column":0},"end":{"line":2,"column":63}},"1":{"start":{"line":3,"column":0},"end":{"line":3,"column":82}},"2":{"start":{"line":5,"column":29},"end":{"line":13,"column":1}},"3":{"start":{"line":6,"column":4},"end":{"line":12,"column":5}},"4":{"start":{"line":7,"column":27},"end":{"line":7,"column":58}},"5":{"start":{"line":8,"column":8},"end":{"line":8,"column":48}},"6":{"start":{"line":10,"column":8},"end":{"line":10,"column":59}},"7":{"start":{"line":11,"column":8},"end":{"line":11,"column":74}},"8":{"start":{"line":5,"column":13},"end":{"line":5,"column":29}},"9":{"start":{"line":15,"column":31},"end":{"line":34,"column":1}},"10":{"start":{"line":16,"column":4},"end":{"line":33,"column":5}},"11":{"start":{"line":17,"column":19},"end":{"line":17,"column":42}},"12":{"start":{"line":19,"column":8},"end":{"line":21,"column":9}},"13":{"start":{"line":20,"column":12},"end":{"line":20,"column":76}},"14":{"start":{"line":23,"column":25},"end":{"line":23,"column":59}},"15":{"start":{"line":25,"column":8},"end":{"line":27,"column":9}},"16":{"start":{"line":26,"column":12},"end":{"line":26,"column":75}},"17":{"start":{"line":29,"column":8},"end":{"line":29,"column":46}},"18":{"start":{"line":31,"column":8},"end":{"line":31,"column":57}},"19":{"start":{"line":32,"column":8},"end":{"line":32,"column":74}},"20":{"start":{"line":15,"column":13},"end":{"line":15,"column":31}},"21":{"start":{"line":36,"column":30},"end":{"line":53,"column":1}},"22":{"start":{"line":37,"column":4},"end":{"line":52,"column":5}},"23":{"start":{"line":39,"column":33},"end":{"line":39,"column":67}},"24":{"start":{"line":40,"column":8},"end":{"line":45,"column":9}},"25":{"start":{"line":41,"column":12},"end":{"line":44,"column":15}},"26":{"start":{"line":47,"column":28},"end":{"line":47,"column":79}},"27":{"start":{"line":48,"column":8},"end":{"line":48,"column":49}},"28":{"start":{"line":50,"column":8},"end":{"line":50,"column":57}},"29":{"start":{"line":51,"column":8},"end":{"line":51,"column":74}},"30":{"start":{"line":36,"column":13},"end":{"line":36,"column":30}},"31":{"start":{"line":55,"column":30},"end":{"line":83,"column":1}},"32":{"start":{"line":56,"column":4},"end":{"line":82,"column":5}},"33":{"start":{"line":57,"column":19},"end":{"line":57,"column":42}},"34":{"start":{"line":59,"column":8},"end":{"line":61,"column":9}},"35":{"start":{"line":60,"column":12},"end":{"line":60,"column":76}},"36":{"start":{"line":64,"column":33},"end":{"line":64,"column":73}},"37":{"start":{"line":65,"column":8},"end":{"line":70,"column":9}},"38":{"start":{"line":66,"column":12},"end":{"line":69,"column":15}},"39":{"start":{"line":72,"column":32},"end":{"line":72,"column":87}},"40":{"start":{"line":74,"column":8},"end":{"line":76,"column":9}},"41":{"start":{"line":75,"column":12},"end":{"line":75,"column":75}},"42":{"start":{"line":78,"column":8},"end":{"line":78,"column":53}},"43":{"start":{"line":80,"column":8},"end":{"line":80,"column":57}},"44":{"start":{"line":81,"column":8},"end":{"line":81,"column":74}},"45":{"start":{"line":55,"column":13},"end":{"line":55,"column":30}},"46":{"start":{"line":85,"column":30},"end":{"line":104,"column":1}},"47":{"start":{"line":86,"column":4},"end":{"line":103,"column":5}},"48":{"start":{"line":87,"column":19},"end":{"line":87,"column":42}},"49":{"start":{"line":89,"column":8},"end":{"line":91,"column":9}},"50":{"start":{"line":90,"column":12},"end":{"line":90,"column":76}},"51":{"start":{"line":93,"column":32},"end":{"line":93,"column":64}},"52":{"start":{"line":95,"column":8},"end":{"line":97,"column":9}},"53":{"start":{"line":96,"column":12},"end":{"line":96,"column":75}},"54":{"start":{"line":99,"column":8},"end":{"line":99,"column":82}},"55":{"start":{"line":101,"column":8},"end":{"line":101,"column":57}},"56":{"start":{"line":102,"column":8},"end":{"line":102,"column":74}},"57":{"start":{"line":85,"column":13},"end":{"line":85,"column":30}}},"fnMap":{"0":{"name":"(anonymous_0)","decl":{"start":{"line":5,"column":29},"end":{"line":5,"column":34}},"loc":{"start":{"line":5,"column":67},"end":{"line":13,"column":1}}},"1":{"name":"(anonymous_1)","decl":{"start":{"line":15,"column":31},"end":{"line":15,"column":36}},"loc":{"start":{"line":15,"column":69},"end":{"line":34,"column":1}}},"2":{"name":"(anonymous_2)","decl":{"start":{"line":36,"column":30},"end":{"line":36,"column":35}},"loc":{"start":{"line":36,"column":68},"end":{"line":53,"column":1}}},"3":{"name":"(anonymous_3)","decl":{"start":{"line":55,"column":30},"end":{"line":55,"column":35}},"loc":{"start":{"line":55,"column":68},"end":{"line":83,"column":1}}},"4":{"name":"(anonymous_4)","decl":{"start":{"line":85,"column":30},"end":{"line":85,"column":35}},"loc":{"start":{"line":85,"column":68},"end":{"line":104,"column":1}}}},"branchMap":{"0":{"loc":{"start":{"line":19,"column":8},"end":{"line":21,"column":9}},"type":"if","locations":[{"start":{"line":19,"column":8},"end":{"line":21,"column":9}}]},"1":{"loc":{"start":{"line":25,"column":8},"end":{"line":27,"column":9}},"type":"if","locations":[{"start":{"line":25,"column":8},"end":{"line":27,"column":9}}]},"2":{"loc":{"start":{"line":40,"column":8},"end":{"line":45,"column":9}},"type":"if","locations":[{"start":{"line":40,"column":8},"end":{"line":45,"column":9}}]},"3":{"loc":{"start":{"line":59,"column":8},"end":{"line":61,"column":9}},"type":"if","locations":[{"start":{"line":59,"column":8},"end":{"line":61,"column":9}}]},"4":{"loc":{"start":{"line":65,"column":8},"end":{"line":70,"column":9}},"type":"if","locations":[{"start":{"line":65,"column":8},"end":{"line":70,"column":9}}]},"5":{"loc":{"start":{"line":74,"column":8},"end":{"line":76,"column":9}},"type":"if","locations":[{"start":{"line":74,"column":8},"end":{"line":76,"column":9}}]},"6":{"loc":{"start":{"line":89,"column":8},"end":{"line":91,"column":9}},"type":"if","locations":[{"start":{"line":89,"column":8},"end":{"line":91,"column":9}}]},"7":{"loc":{"start":{"line":95,"column":8},"end":{"line":97,"column":9}},"type":"if","locations":[{"start":{"line":95,"column":8},"end":{"line":97,"column":9}}]}},"s":{"0":1,"1":1,"2":1,"3":2,"4":2,"5":1,"6":1,"7":1,"8":1,"9":1,"10":3,"11":3,"12":3,"13":1,"14":2,"15":2,"16":1,"17":1,"18":0,"19":0,"20":1,"21":1,"22":2,"23":2,"24":2,"25":0,"26":2,"27":1,"28":1,"29":1,"30":1,"31":1,"32":2,"33":2,"34":2,"35":0,"36":2,"37":2,"38":0,"39":2,"40":2,"41":1,"42":1,"43":0,"44":0,"45":1,"46":1,"47":2,"48":2,"49":2,"50":0,"51":2,"52":2,"53":1,"54":1,"55":0,"56":0,"57":1},"f":{"0":2,"1":3,"2":2,"3":2,"4":2},"b":{"0":[1],"1":[1],"2":[0],"3":[0],"4":[0],"5":[1],"6":[0],"7":[1]}}
,"C:\\Users\\Admin\\Desktop\\Universidad\\Séptimo semeste\\Compunet III\\backend-nodejs\\src\\controllers\\index.ts": {"path":"C:\\Users\\Admin\\Desktop\\Universidad\\Séptimo semeste\\Compunet III\\backend-nodejs\\src\\controllers\\index.ts","statementMap":{"0":{"start":{"line":1,"column":0},"end":{"line":1,"column":34}},"1":{"start":{"line":2,"column":0},"end":{"line":2,"column":38}}},"fnMap":{},"branchMap":{},"s":{"0":0,"1":0},"f":{},"b":{}}
,"C:\\Users\\Admin\\Desktop\\Universidad\\Séptimo semeste\\Compunet III\\backend-nodejs\\src\\controllers\\product.controller.ts": {"path":"C:\\Users\\Admin\\Desktop\\Universidad\\Séptimo semeste\\Compunet III\\backend-nodejs\\src\\controllers\\product.controller.ts","statementMap":{"0":{"start":{"line":2,"column":0},"end":{"line":2,"column":61}},"1":{"start":{"line":4,"column":27},"end":{"line":12,"column":1}},"2":{"start":{"line":5,"column":4},"end":{"line":11,"column":5}},"3":{"start":{"line":6,"column":25},"end":{"line":6,"column":55}},"4":{"start":{"line":7,"column":8},"end":{"line":7,"column":46}},"5":{"start":{"line":9,"column":8},"end":{"line":9,"column":57}},"6":{"start":{"line":10,"column":8},"end":{"line":10,"column":74}},"7":{"start":{"line":4,"column":13},"end":{"line":4,"column":27}},"8":{"start":{"line":14,"column":30},"end":{"line":28,"column":1}},"9":{"start":{"line":15,"column":4},"end":{"line":27,"column":5}},"10":{"start":{"line":16,"column":19},"end":{"line":16,"column":42}},"11":{"start":{"line":17,"column":24},"end":{"line":17,"column":57}},"12":{"start":{"line":19,"column":8},"end":{"line":21,"column":9}},"13":{"start":{"line":20,"column":12},"end":{"line":20,"column":74}},"14":{"start":{"line":23,"column":8},"end":{"line":23,"column":45}},"15":{"start":{"line":25,"column":8},"end":{"line":25,"column":56}},"16":{"start":{"line":26,"column":8},"end":{"line":26,"column":74}},"17":{"start":{"line":14,"column":13},"end":{"line":14,"column":30}},"18":{"start":{"line":30,"column":37},"end":{"line":39,"column":1}},"19":{"start":{"line":31,"column":4},"end":{"line":38,"column":5}},"20":{"start":{"line":32,"column":27},"end":{"line":32,"column":58}},"21":{"start":{"line":33,"column":25},"end":{"line":33,"column":72}},"22":{"start":{"line":34,"column":8},"end":{"line":34,"column":46}},"23":{"start":{"line":36,"column":8},"end":{"line":36,"column":69}},"24":{"start":{"line":37,"column":8},"end":{"line":37,"column":74}},"25":{"start":{"line":30,"column":13},"end":{"line":30,"column":37}},"26":{"start":{"line":41,"column":29},"end":{"line":49,"column":1}},"27":{"start":{"line":42,"column":4},"end":{"line":48,"column":5}},"28":{"start":{"line":43,"column":27},"end":{"line":43,"column":64}},"29":{"start":{"line":44,"column":8},"end":{"line":44,"column":48}},"30":{"start":{"line":46,"column":8},"end":{"line":46,"column":56}},"31":{"start":{"line":47,"column":8},"end":{"line":47,"column":74}},"32":{"start":{"line":41,"column":13},"end":{"line":41,"column":29}},"33":{"start":{"line":51,"column":29},"end":{"line":65,"column":1}},"34":{"start":{"line":52,"column":4},"end":{"line":64,"column":5}},"35":{"start":{"line":53,"column":19},"end":{"line":53,"column":42}},"36":{"start":{"line":54,"column":31},"end":{"line":54,"column":72}},"37":{"start":{"line":56,"column":8},"end":{"line":58,"column":9}},"38":{"start":{"line":57,"column":12},"end":{"line":57,"column":74}},"39":{"start":{"line":60,"column":8},"end":{"line":60,"column":52}},"40":{"start":{"line":62,"column":8},"end":{"line":62,"column":56}},"41":{"start":{"line":63,"column":8},"end":{"line":63,"column":74}},"42":{"start":{"line":51,"column":13},"end":{"line":51,"column":29}},"43":{"start":{"line":67,"column":29},"end":{"line":81,"column":1}},"44":{"start":{"line":68,"column":4},"end":{"line":80,"column":5}},"45":{"start":{"line":69,"column":19},"end":{"line":69,"column":42}},"46":{"start":{"line":70,"column":31},"end":{"line":70,"column":62}},"47":{"start":{"line":72,"column":8},"end":{"line":74,"column":9}},"48":{"start":{"line":73,"column":12},"end":{"line":73,"column":74}},"49":{"start":{"line":76,"column":8},"end":{"line":76,"column":81}},"50":{"start":{"line":78,"column":8},"end":{"line":78,"column":56}},"51":{"start":{"line":79,"column":8},"end":{"line":79,"column":74}},"52":{"start":{"line":67,"column":13},"end":{"line":67,"column":29}}},"fnMap":{"0":{"name":"(anonymous_0)","decl":{"start":{"line":4,"column":27},"end":{"line":4,"column":32}},"loc":{"start":{"line":4,"column":65},"end":{"line":12,"column":1}}},"1":{"name":"(anonymous_1)","decl":{"start":{"line":14,"column":30},"end":{"line":14,"column":35}},"loc":{"start":{"line":14,"column":68},"end":{"line":28,"column":1}}},"2":{"name":"(anonymous_2)","decl":{"start":{"line":30,"column":37},"end":{"line":30,"column":42}},"loc":{"start":{"line":30,"column":75},"end":{"line":39,"column":1}}},"3":{"name":"(anonymous_3)","decl":{"start":{"line":41,"column":29},"end":{"line":41,"column":34}},"loc":{"start":{"line":41,"column":67},"end":{"line":49,"column":1}}},"4":{"name":"(anonymous_4)","decl":{"start":{"line":51,"column":29},"end":{"line":51,"column":34}},"loc":{"start":{"line":51,"column":67},"end":{"line":65,"column":1}}},"5":{"name":"(anonymous_5)","decl":{"start":{"line":67,"column":29},"end":{"line":67,"column":34}},"loc":{"start":{"line":67,"column":67},"end":{"line":81,"column":1}}}},"branchMap":{"0":{"loc":{"start":{"line":19,"column":8},"end":{"line":21,"column":9}},"type":"if","locations":[{"start":{"line":19,"column":8},"end":{"line":21,"column":9}}]},"1":{"loc":{"start":{"line":56,"column":8},"end":{"line":58,"column":9}},"type":"if","locations":[{"start":{"line":56,"column":8},"end":{"line":58,"column":9}}]},"2":{"loc":{"start":{"line":72,"column":8},"end":{"line":74,"column":9}},"type":"if","locations":[{"start":{"line":72,"column":8},"end":{"line":74,"column":9}}]}},"s":{"0":0,"1":0,"2":0,"3":0,"4":0,"5":0,"6":0,"7":0,"8":0,"9":0,"10":0,"11":0,"12":0,"13":0,"14":0,"15":0,"16":0,"17":0,"18":0,"19":0,"20":0,"21":0,"22":0,"23":0,"24":0,"25":0,"26":0,"27":0,"28":0,"29":0,"30":0,"31":0,"32":0,"33":0,"34":0,"35":0,"36":0,"37":0,"38":0,"39":0,"40":0,"41":0,"42":0,"43":0,"44":0,"45":0,"46":0,"47":0,"48":0,"49":0,"50":0,"51":0,"52":0},"f":{"0":0,"1":0,"2":0,"3":0,"4":0,"5":0},"b":{"0":[0],"1":[0],"2":[0]}}
,"C:\\Users\\Admin\\Desktop\\Universidad\\Séptimo semeste\\Compunet III\\backend-nodejs\\src\\controllers\\user.controller.ts": {"path":"C:\\Users\\Admin\\Desktop\\Universidad\\Séptimo semeste\\Compunet III\\backend-nodejs\\src\\controllers\\user.controller.ts","statementMap":{"0":{"start":{"line":4,"column":0},"end":{"line":4,"column":42}},"1":{"start":{"line":5,"column":0},"end":{"line":5,"column":42}},"2":{"start":{"line":9,"column":8},"end":{"line":19,"column":9}},"3":{"start":{"line":10,"column":34},"end":{"line":10,"column":81}},"4":{"start":{"line":11,"column":12},"end":{"line":11,"column":42}},"5":{"start":{"line":14,"column":12},"end":{"line":17,"column":13}},"6":{"start":{"line":15,"column":16},"end":{"line":15,"column":71}},"7":{"start":{"line":16,"column":16},"end":{"line":16,"column":23}},"8":{"start":{"line":18,"column":12},"end":{"line":18,"column":40}},"9":{"start":{"line":22,"column":8},"end":{"line":32,"column":9}},"10":{"start":{"line":23,"column":31},"end":{"line":23,"column":44}},"11":{"start":{"line":24,"column":38},"end":{"line":24,"column":68}},"12":{"start":{"line":25,"column":12},"end":{"line":28,"column":13}},"13":{"start":{"line":26,"column":16},"end":{"line":26,"column":null}},"14":{"start":{"line":27,"column":16},"end":{"line":27,"column":23}},"15":{"start":{"line":29,"column":12},"end":{"line":29,"column":27}},"16":{"start":{"line":31,"column":12},"end":{"line":31,"column":40}},"17":{"start":{"line":36,"column":8},"end":{"line":41,"column":9}},"18":{"start":{"line":37,"column":34},"end":{"line":37,"column":61}},"19":{"start":{"line":38,"column":12},"end":{"line":38,"column":28}},"20":{"start":{"line":40,"column":12},"end":{"line":40,"column":40}},"21":{"start":{"line":44,"column":8},"end":{"line":54,"column":9}},"22":{"start":{"line":45,"column":31},"end":{"line":45,"column":44}},"23":{"start":{"line":46,"column":38},"end":{"line":46,"column":89}},"24":{"start":{"line":47,"column":12},"end":{"line":50,"column":13}},"25":{"start":{"line":48,"column":16},"end":{"line":48,"column":null}},"26":{"start":{"line":49,"column":16},"end":{"line":49,"column":23}},"27":{"start":{"line":51,"column":12},"end":{"line":51,"column":27}},"28":{"start":{"line":53,"column":12},"end":{"line":53,"column":40}},"29":{"start":{"line":58,"column":8},"end":{"line":68,"column":9}},"30":{"start":{"line":59,"column":31},"end":{"line":59,"column":44}},"31":{"start":{"line":60,"column":38},"end":{"line":60,"column":66}},"32":{"start":{"line":61,"column":12},"end":{"line":64,"column":13}},"33":{"start":{"line":62,"column":16},"end":{"line":62,"column":null}},"34":{"start":{"line":63,"column":16},"end":{"line":63,"column":23}},"35":{"start":{"line":65,"column":12},"end":{"line":65,"column":27}},"36":{"start":{"line":67,"column":12},"end":{"line":67,"column":40}},"37":{"start":{"line":72,"column":8},"end":{"line":82,"column":9}},"38":{"start":{"line":73,"column":28},"end":{"line":73,"column":74}},"39":{"start":{"line":74,"column":12},"end":{"line":74,"column":41}},"40":{"start":{"line":77,"column":12},"end":{"line":80,"column":13}},"41":{"start":{"line":78,"column":16},"end":{"line":78,"column":66}},"42":{"start":{"line":79,"column":16},"end":{"line":79,"column":23}},"43":{"start":{"line":81,"column":12},"end":{"line":81,"column":40}},"44":{"start":{"line":87,"column":14},"end":{"line":87,"column":53}}},"fnMap":{"0":{"name":"(anonymous_0)","decl":{"start":{"line":8,"column":11},"end":{"line":8,"column":16}},"loc":{"start":{"line":8,"column":53},"end":{"line":20,"column":5}}},"1":{"name":"(anonymous_1)","decl":{"start":{"line":21,"column":11},"end":{"line":21,"column":16}},"loc":{"start":{"line":21,"column":49},"end":{"line":33,"column":5}}},"2":{"name":"(anonymous_2)","decl":{"start":{"line":35,"column":11},"end":{"line":35,"column":16}},"loc":{"start":{"line":35,"column":52},"end":{"line":42,"column":5}}},"3":{"name":"(anonymous_3)","decl":{"start":{"line":43,"column":11},"end":{"line":43,"column":16}},"loc":{"start":{"line":43,"column":52},"end":{"line":55,"column":5}}},"4":{"name":"(anonymous_4)","decl":{"start":{"line":57,"column":11},"end":{"line":57,"column":16}},"loc":{"start":{"line":57,"column":52},"end":{"line":69,"column":5}}},"5":{"name":"(anonymous_5)","decl":{"start":{"line":71,"column":11},"end":{"line":71,"column":16}},"loc":{"start":{"line":71,"column":50},"end":{"line":83,"column":5}}}},"branchMap":{"0":{"loc":{"start":{"line":14,"column":12},"end":{"line":17,"column":13}},"type":"if","locations":[{"start":{"line":14,"column":12},"end":{"line":17,"column":13}}]},"1":{"loc":{"start":{"line":25,"column":12},"end":{"line":28,"column":13}},"type":"if","locations":[{"start":{"line":25,"column":12},"end":{"line":28,"column":13}}]},"2":{"loc":{"start":{"line":47,"column":12},"end":{"line":50,"column":13}},"type":"if","locations":[{"start":{"line":47,"column":12},"end":{"line":50,"column":13}}]},"3":{"loc":{"start":{"line":61,"column":12},"end":{"line":64,"column":13}},"type":"if","locations":[{"start":{"line":61,"column":12},"end":{"line":64,"column":13}}]},"4":{"loc":{"start":{"line":77,"column":12},"end":{"line":80,"column":13}},"type":"if","locations":[{"start":{"line":77,"column":12},"end":{"line":80,"column":13}}]}},"s":{"0":0,"1":0,"2":0,"3":0,"4":0,"5":0,"6":0,"7":0,"8":0,"9":0,"10":0,"11":0,"12":0,"13":0,"14":0,"15":0,"16":0,"17":0,"18":0,"19":0,"20":0,"21":0,"22":0,"23":0,"24":0,"25":0,"26":0,"27":0,"28":0,"29":0,"30":0,"31":0,"32":0,"33":0,"34":0,"35":0,"36":0,"37":0,"38":0,"39":0,"40":0,"41":0,"42":0,"43":0,"44":0},"f":{"0":0,"1":0,"2":0,"3":0,"4":0,"5":0},"b":{"0":[0],"1":[0],"2":[0],"3":[0],"4":[0]}}
,"C:\\Users\\Admin\\Desktop\\Universidad\\Séptimo semeste\\Compunet III\\backend-nodejs\\src\\exceptions\\auth.exception.ts": {"path":"C:\\Users\\Admin\\Desktop\\Universidad\\Séptimo semeste\\Compunet III\\backend-nodejs\\src\\exceptions\\auth.exception.ts","statementMap":{"0":{"start":{"line":2,"column":4},"end":{"line":2,"column":41}},"1":{"start":{"line":3,"column":4},"end":{"line":3,"column":59}},"2":{"start":{"line":1,"column":0},"end":{"line":1,"column":13}}},"fnMap":{"0":{"name":"(anonymous_0)","decl":{"start":{"line":1,"column":0},"end":{"line":1,"column":13}},"loc":{"start":{"line":1,"column":0},"end":{"line":4,"column":1}}}},"branchMap":{},"s":{"0":0,"1":0,"2":0},"f":{"0":0},"b":{}}
,"C:\\Users\\Admin\\Desktop\\Universidad\\Séptimo semeste\\Compunet III\\backend-nodejs\\src\\exceptions\\http.exception.ts": {"path":"C:\\Users\\Admin\\Desktop\\Universidad\\Séptimo semeste\\Compunet III\\backend-nodejs\\src\\exceptions\\http.exception.ts","statementMap":{"0":{"start":{"line":6,"column":6},"end":{"line":6,"column":21}},"1":{"start":{"line":7,"column":6},"end":{"line":7,"column":27}},"2":{"start":{"line":8,"column":6},"end":{"line":8,"column":29}},"3":{"start":{"line":1,"column":0},"end":{"line":1,"column":13}}},"fnMap":{"0":{"name":"(anonymous_0)","decl":{"start":{"line":5,"column":4},"end":{"line":5,"column":16}},"loc":{"start":{"line":5,"column":47},"end":{"line":9,"column":5}}}},"branchMap":{},"s":{"0":0,"1":0,"2":0,"3":0},"f":{"0":0},"b":{}}
,"C:\\Users\\Admin\\Desktop\\Universidad\\Séptimo semeste\\Compunet III\\backend-nodejs\\src\\exceptions\\index.ts": {"path":"C:\\Users\\Admin\\Desktop\\Universidad\\Séptimo semeste\\Compunet III\\backend-nodejs\\src\\exceptions\\index.ts","statementMap":{"0":{"start":{"line":1,"column":0},"end":{"line":1,"column":33}},"1":{"start":{"line":2,"column":0},"end":{"line":2,"column":33}}},"fnMap":{},"branchMap":{},"s":{"0":0,"1":0},"f":{},"b":{}}
,"C:\\Users\\Admin\\Desktop\\Universidad\\Séptimo semeste\\Compunet III\\backend-nodejs\\src\\interfaces\\index.ts": {"path":"C:\\Users\\Admin\\Desktop\\Universidad\\Séptimo semeste\\Compunet III\\backend-nodejs\\src\\interfaces\\index.ts","statementMap":{"0":{"start":{"line":1,"column":0},"end":{"line":1,"column":33}}},"fnMap":{},"branchMap":{},"s":{"0":0},"f":{},"b":{}}
,"C:\\Users\\Admin\\Desktop\\Universidad\\Séptimo semeste\\Compunet III\\backend-nodejs\\src\\middlewares\\auth.middleware.ts": {"path":"C:\\Users\\Admin\\Desktop\\Universidad\\Séptimo semeste\\Compunet III\\backend-nodejs\\src\\middlewares\\auth.middleware.ts","statementMap":{"0":{"start":{"line":2,"column":0},"end":{"line":2,"column":54}},"1":{"start":{"line":4,"column":20},"end":{"line":28,"column":1}},"2":{"start":{"line":5,"column":37},"end":{"line":5,"column":64}},"3":{"start":{"line":7,"column":4},"end":{"line":10,"column":5}},"4":{"start":{"line":8,"column":8},"end":{"line":8,"column":47}},"5":{"start":{"line":9,"column":8},"end":{"line":9,"column":15}},"6":{"start":{"line":12,"column":4},"end":{"line":26,"column":5}},"7":{"start":{"line":14,"column":8},"end":{"line":14,"column":45}},"8":{"start":{"line":15,"column":29},"end":{"line":15,"column":82}},"9":{"start":{"line":16,"column":8},"end":{"line":16,"column":38}},"10":{"start":{"line":17,"column":8},"end":{"line":17,"column":29}},"11":{"start":{"line":18,"column":8},"end":{"line":18,"column":40}},"12":{"start":{"line":19,"column":8},"end":{"line":19,"column":15}},"13":{"start":{"line":21,"column":8},"end":{"line":24,"column":9}},"14":{"start":{"line":22,"column":12},"end":{"line":22,"column":50}},"15":{"start":{"line":23,"column":12},"end":{"line":23,"column":19}},"16":{"start":{"line":25,"column":8},"end":{"line":25,"column":47}},"17":{"start":{"line":4,"column":13},"end":{"line":4,"column":20}}},"fnMap":{"0":{"name":"(anonymous_9)","decl":{"start":{"line":4,"column":20},"end":{"line":4,"column":21}},"loc":{"start":{"line":4,"column":72},"end":{"line":28,"column":1}}}},"branchMap":{"0":{"loc":{"start":{"line":7,"column":4},"end":{"line":10,"column":5}},"type":"if","locations":[{"start":{"line":7,"column":4},"end":{"line":10,"column":5}}]},"1":{"loc":{"start":{"line":15,"column":47},"end":{"line":15,"column":81}},"type":"binary-expr","locations":[{"start":{"line":15,"column":47},"end":{"line":15,"column":69}},{"start":{"line":15,"column":73},"end":{"line":15,"column":81}}]},"2":{"loc":{"start":{"line":21,"column":8},"end":{"line":24,"column":9}},"type":"if","locations":[{"start":{"line":21,"column":8},"end":{"line":24,"column":9}}]}},"s":{"0":0,"1":0,"2":0,"3":0,"4":0,"5":0,"6":0,"7":0,"8":0,"9":0,"10":0,"11":0,"12":0,"13":0,"14":0,"15":0,"16":0,"17":0},"f":{"0":0},"b":{"0":[0],"1":[0,0],"2":[0]}}
,"C:\\Users\\Admin\\Desktop\\Universidad\\Séptimo semeste\\Compunet III\\backend-nodejs\\src\\middlewares\\index.ts": {"path":"C:\\Users\\Admin\\Desktop\\Universidad\\Séptimo semeste\\Compunet III\\backend-nodejs\\src\\middlewares\\index.ts","statementMap":{"0":{"start":{"line":1,"column":0},"end":{"line":1,"column":34}},"1":{"start":{"line":2,"column":0},"end":{"line":2,"column":44}}},"fnMap":{},"branchMap":{},"s":{"0":0,"1":0},"f":{},"b":{}}
,"C:\\Users\\Admin\\Desktop\\Universidad\\Séptimo semeste\\Compunet III\\backend-nodejs\\src\\middlewares\\validateSchema.middleware.ts": {"path":"C:\\Users\\Admin\\Desktop\\Universidad\\Séptimo semeste\\Compunet III\\backend-nodejs\\src\\middlewares\\validateSchema.middleware.ts","statementMap":{"0":{"start":{"line":4,"column":30},"end":{"line":13,"column":1}},"1":{"start":{"line":5,"column":4},"end":{"line":12,"column":null}},"2":{"start":{"line":6,"column":8},"end":{"line":11,"column":9}},"3":{"start":{"line":7,"column":12},"end":{"line":7,"column":46}},"4":{"start":{"line":8,"column":12},"end":{"line":8,"column":19}},"5":{"start":{"line":10,"column":12},"end":{"line":10,"column":null}},"6":{"start":{"line":4,"column":13},"end":{"line":4,"column":30}}},"fnMap":{"0":{"name":"(anonymous_0)","decl":{"start":{"line":4,"column":30},"end":{"line":4,"column":31}},"loc":{"start":{"line":4,"column":55},"end":{"line":13,"column":1}}},"1":{"name":"(anonymous_1)","decl":{"start":{"line":5,"column":11},"end":{"line":5,"column":16}},"loc":{"start":{"line":5,"column":69},"end":{"line":12,"column":5}}}},"branchMap":{},"s":{"0":0,"1":0,"2":0,"3":0,"4":0,"5":0,"6":0},"f":{"0":0,"1":0},"b":{}}
,"C:\\Users\\Admin\\Desktop\\Universidad\\Séptimo semeste\\Compunet III\\backend-nodejs\\src\\models\\category.model.ts": {"path":"C:\\Users\\Admin\\Desktop\\Universidad\\Séptimo semeste\\Compunet III\\backend-nodejs\\src\\models\\category.model.ts","statementMap":{"0":{"start":{"line":1,"column":0},"end":{"line":1,"column":45}},"1":{"start":{"line":2,"column":0},"end":{"line":2,"column":43}},"2":{"start":{"line":4,"column":0},"end":{"line":4,"column":13}},"3":{"start":{"line":14,"column":0},"end":{"line":37,"column":2}},"4":{"start":{"line":39,"column":0},"end":{"line":39,"column":24}}},"fnMap":{},"branchMap":{},"s":{"0":0,"1":0,"2":0,"3":0,"4":0},"f":{},"b":{}}
,"C:\\Users\\Admin\\Desktop\\Universidad\\Séptimo semeste\\Compunet III\\backend-nodejs\\src\\models\\index.ts": {"path":"C:\\Users\\Admin\\Desktop\\Universidad\\Séptimo semeste\\Compunet III\\backend-nodejs\\src\\models\\index.ts","statementMap":{"0":{"start":{"line":1,"column":0},"end":{"line":1,"column":29}}},"fnMap":{},"branchMap":{},"s":{"0":0},"f":{},"b":{}}
,"C:\\Users\\Admin\\Desktop\\Universidad\\Séptimo semeste\\Compunet III\\backend-nodejs\\src\\models\\product.model.ts": {"path":"C:\\Users\\Admin\\Desktop\\Universidad\\Séptimo semeste\\Compunet III\\backend-nodejs\\src\\models\\product.model.ts","statementMap":{"0":{"start":{"line":1,"column":0},"end":{"line":1,"column":45}},"1":{"start":{"line":2,"column":0},"end":{"line":2,"column":43}},"2":{"start":{"line":3,"column":0},"end":{"line":3,"column":40}},"3":{"start":{"line":14,"column":0},"end":{"line":14,"column":13}},"4":{"start":{"line":28,"column":0},"end":{"line":78,"column":2}},"5":{"start":{"line":81,"column":0},"end":{"line":81,"column":75}},"6":{"start":{"line":83,"column":0},"end":{"line":83,"column":23}}},"fnMap":{},"branchMap":{},"s":{"0":0,"1":0,"2":0,"3":0,"4":0,"5":0,"6":0},"f":{},"b":{}}
,"C:\\Users\\Admin\\Desktop\\Universidad\\Séptimo semeste\\Compunet III\\backend-nodejs\\src\\models\\user.model.ts": {"path":"C:\\Users\\Admin\\Desktop\\Universidad\\Séptimo semeste\\Compunet III\\backend-nodejs\\src\\models\\user.model.ts","statementMap":{"0":{"start":{"line":1,"column":0},"end":{"line":1,"column":45}},"1":{"start":{"line":2,"column":0},"end":{"line":2,"column":43}},"2":{"start":{"line":5,"column":0},"end":{"line":5,"column":13}},"3":{"start":{"line":17,"column":0},"end":{"line":48,"column":2}},"4":{"start":{"line":50,"column":0},"end":{"line":50,"column":20}}},"fnMap":{},"branchMap":{},"s":{"0":0,"1":0,"2":0,"3":0,"4":0},"f":{},"b":{}}
,"C:\\Users\\Admin\\Desktop\\Universidad\\Séptimo semeste\\Compunet III\\backend-nodejs\\src\\routes\\category.route.ts": {"path":"C:\\Users\\Admin\\Desktop\\Universidad\\Séptimo semeste\\Compunet III\\backend-nodejs\\src\\routes\\category.route.ts","statementMap":{"0":{"start":{"line":1,"column":0},"end":{"line":1,"column":33}},"1":{"start":{"line":2,"column":0},"end":{"line":2,"column":73}},"2":{"start":{"line":4,"column":13},"end":{"line":4,"column":39}},"3":{"start":{"line":6,"column":0},"end":{"line":6,"column":58}},"4":{"start":{"line":7,"column":0},"end":{"line":7,"column":60}},"5":{"start":{"line":8,"column":0},"end":{"line":8,"column":63}},"6":{"start":{"line":9,"column":0},"end":{"line":9,"column":62}},"7":{"start":{"line":10,"column":0},"end":{"line":10,"column":65}}},"fnMap":{},"branchMap":{},"s":{"0":0,"1":0,"2":0,"3":0,"4":0,"5":0,"6":0,"7":0},"f":{},"b":{}}
,"C:\\Users\\Admin\\Desktop\\Universidad\\Séptimo semeste\\Compunet III\\backend-nodejs\\src\\routes\\index.ts": {"path":"C:\\Users\\Admin\\Desktop\\Universidad\\Séptimo semeste\\Compunet III\\backend-nodejs\\src\\routes\\index.ts","statementMap":{"0":{"start":{"line":1,"column":0},"end":{"line":1,"column":29}},"1":{"start":{"line":2,"column":0},"end":{"line":2,"column":29}},"2":{"start":{"line":3,"column":0},"end":{"line":3,"column":33}},"3":{"start":{"line":4,"column":0},"end":{"line":4,"column":32}}},"fnMap":{},"branchMap":{},"s":{"0":0,"1":0,"2":0,"3":0},"f":{},"b":{}}
,"C:\\Users\\Admin\\Desktop\\Universidad\\Séptimo semeste\\Compunet III\\backend-nodejs\\src\\routes\\post.route.ts": {"path":"C:\\Users\\Admin\\Desktop\\Universidad\\Séptimo semeste\\Compunet III\\backend-nodejs\\src\\routes\\post.route.ts","statementMap":{"0":{"start":{"line":1,"column":0},"end":{"line":1,"column":52}},"1":{"start":{"line":3,"column":13},"end":{"line":3,"column":35}},"2":{"start":{"line":5,"column":0},"end":{"line":5,"column":69}},"3":{"start":{"line":5,"column":52},"end":{"line":5,"column":67}},"4":{"start":{"line":6,"column":0},"end":{"line":6,"column":69}},"5":{"start":{"line":6,"column":52},"end":{"line":6,"column":67}},"6":{"start":{"line":7,"column":0},"end":{"line":7,"column":72}},"7":{"start":{"line":7,"column":55},"end":{"line":7,"column":70}},"8":{"start":{"line":8,"column":0},"end":{"line":8,"column":72}},"9":{"start":{"line":8,"column":55},"end":{"line":8,"column":70}},"10":{"start":{"line":9,"column":0},"end":{"line":9,"column":74}},"11":{"start":{"line":9,"column":57},"end":{"line":9,"column":72}}},"fnMap":{"0":{"name":"(anonymous_0)","decl":{"start":{"line":5,"column":20},"end":{"line":5,"column":21}},"loc":{"start":{"line":5,"column":51},"end":{"line":5,"column":67}}},"1":{"name":"(anonymous_1)","decl":{"start":{"line":6,"column":20},"end":{"line":6,"column":21}},"loc":{"start":{"line":6,"column":51},"end":{"line":6,"column":67}}},"2":{"name":"(anonymous_2)","decl":{"start":{"line":7,"column":23},"end":{"line":7,"column":24}},"loc":{"start":{"line":7,"column":54},"end":{"line":7,"column":70}}},"3":{"name":"(anonymous_3)","decl":{"start":{"line":8,"column":23},"end":{"line":8,"column":24}},"loc":{"start":{"line":8,"column":54},"end":{"line":8,"column":70}}},"4":{"name":"(anonymous_4)","decl":{"start":{"line":9,"column":25},"end":{"line":9,"column":26}},"loc":{"start":{"line":9,"column":56},"end":{"line":9,"column":72}}}},"branchMap":{},"s":{"0":0,"1":0,"2":0,"3":0,"4":0,"5":0,"6":0,"7":0,"8":0,"9":0,"10":0,"11":0},"f":{"0":0,"1":0,"2":0,"3":0,"4":0},"b":{}}
,"C:\\Users\\Admin\\Desktop\\Universidad\\Séptimo semeste\\Compunet III\\backend-nodejs\\src\\routes\\product.route.ts": {"path":"C:\\Users\\Admin\\Desktop\\Universidad\\Séptimo semeste\\Compunet III\\backend-nodejs\\src\\routes\\product.route.ts","statementMap":{"0":{"start":{"line":1,"column":0},"end":{"line":1,"column":33}},"1":{"start":{"line":2,"column":0},"end":{"line":2,"column":null}},"2":{"start":{"line":11,"column":13},"end":{"line":11,"column":38}},"3":{"start":{"line":14,"column":0},"end":{"line":14,"column":36}},"4":{"start":{"line":15,"column":0},"end":{"line":15,"column":42}},"5":{"start":{"line":16,"column":0},"end":{"line":16,"column":66}},"6":{"start":{"line":17,"column":0},"end":{"line":17,"column":39}},"7":{"start":{"line":18,"column":0},"end":{"line":18,"column":41}},"8":{"start":{"line":19,"column":0},"end":{"line":19,"column":44}}},"fnMap":{},"branchMap":{},"s":{"0":0,"1":0,"2":0,"3":0,"4":0,"5":0,"6":0,"7":0,"8":0},"f":{},"b":{}}
,"C:\\Users\\Admin\\Desktop\\Universidad\\Séptimo semeste\\Compunet III\\backend-nodejs\\src\\routes\\user.route.ts": {"path":"C:\\Users\\Admin\\Desktop\\Universidad\\Séptimo semeste\\Compunet III\\backend-nodejs\\src\\routes\\user.route.ts","statementMap":{"0":{"start":{"line":1,"column":0},"end":{"line":1,"column":52}},"1":{"start":{"line":2,"column":0},"end":{"line":2,"column":48}},"2":{"start":{"line":3,"column":0},"end":{"line":3,"column":54}},"3":{"start":{"line":4,"column":0},"end":{"line":4,"column":40}},"4":{"start":{"line":6,"column":13},"end":{"line":6,"column":35}},"5":{"start":{"line":8,"column":0},"end":{"line":8,"column":43}},"6":{"start":{"line":9,"column":0},"end":{"line":9,"column":70}},"7":{"start":{"line":10,"column":0},"end":{"line":10,"column":53}},"8":{"start":{"line":12,"column":0},"end":{"line":12,"column":43}},"9":{"start":{"line":13,"column":0},"end":{"line":13,"column":46}},"10":{"start":{"line":14,"column":0},"end":{"line":14,"column":48}},"11":{"start":{"line":15,"column":0},"end":{"line":15,"column":48}}},"fnMap":{},"branchMap":{},"s":{"0":0,"1":0,"2":0,"3":0,"4":0,"5":0,"6":0,"7":0,"8":0,"9":0,"10":0,"11":0},"f":{},"b":{}}
,"C:\\Users\\Admin\\Desktop\\Universidad\\Séptimo semeste\\Compunet III\\backend-nodejs\\src\\schemas\\category.schema.ts": {"path":"C:\\Users\\Admin\\Desktop\\Universidad\\Séptimo semeste\\Compunet III\\backend-nodejs\\src\\schemas\\category.schema.ts","statementMap":{"0":{"start":{"line":1,"column":0},"end":{"line":1,"column":37}},"1":{"start":{"line":3,"column":13},"end":{"line":10,"column":3}},"2":{"start":{"line":12,"column":13},"end":{"line":15,"column":3}}},"fnMap":{},"branchMap":{},"s":{"0":1,"1":1,"2":1},"f":{},"b":{}}
,"C:\\Users\\Admin\\Desktop\\Universidad\\Séptimo semeste\\Compunet III\\backend-nodejs\\src\\schemas\\index.ts": {"path":"C:\\Users\\Admin\\Desktop\\Universidad\\Séptimo semeste\\Compunet III\\backend-nodejs\\src\\schemas\\index.ts","statementMap":{"0":{"start":{"line":1,"column":0},"end":{"line":1,"column":30}}},"fnMap":{},"branchMap":{},"s":{"0":0},"f":{},"b":{}}
,"C:\\Users\\Admin\\Desktop\\Universidad\\Séptimo semeste\\Compunet III\\backend-nodejs\\src\\schemas\\product.schema.ts": {"path":"C:\\Users\\Admin\\Desktop\\Universidad\\Séptimo semeste\\Compunet III\\backend-nodejs\\src\\schemas\\product.schema.ts","statementMap":{"0":{"start":{"line":1,"column":0},"end":{"line":1,"column":45}},"1":{"start":{"line":3,"column":13},"end":{"line":20,"column":3}}},"fnMap":{},"branchMap":{},"s":{"0":0,"1":0},"f":{},"b":{}}
,"C:\\Users\\Admin\\Desktop\\Universidad\\Séptimo semeste\\Compunet III\\backend-nodejs\\src\\schemas\\user.schema.ts": {"path":"C:\\Users\\Admin\\Desktop\\Universidad\\Séptimo semeste\\Compunet III\\backend-nodejs\\src\\schemas\\user.schema.ts","statementMap":{"0":{"start":{"line":1,"column":0},"end":{"line":1,"column":36}},"1":{"start":{"line":3,"column":13},"end":{"line":9,"column":3}}},"fnMap":{},"branchMap":{},"s":{"0":0,"1":0},"f":{},"b":{}}
,"C:\\Users\\Admin\\Desktop\\Universidad\\Séptimo semeste\\Compunet III\\backend-nodejs\\src\\services\\category.service.ts": {"path":"C:\\Users\\Admin\\Desktop\\Universidad\\Séptimo semeste\\Compunet III\\backend-nodejs\\src\\services\\category.service.ts","statementMap":{"0":{"start":{"line":1,"column":0},"end":{"line":1,"column":48}},"1":{"start":{"line":6,"column":8},"end":{"line":11,"column":9}},"2":{"start":{"line":7,"column":31},"end":{"line":7,"column":55}},"3":{"start":{"line":8,"column":12},"end":{"line":8,"column":30}},"4":{"start":{"line":10,"column":12},"end":{"line":10,"column":24}},"5":{"start":{"line":15,"column":8},"end":{"line":20,"column":9}},"6":{"start":{"line":16,"column":29},"end":{"line":16,"column":56}},"7":{"start":{"line":17,"column":12},"end":{"line":17,"column":28}},"8":{"start":{"line":19,"column":12},"end":{"line":19,"column":24}},"9":{"start":{"line":24,"column":8},"end":{"line":29,"column":9}},"10":{"start":{"line":25,"column":29},"end":{"line":25,"column":64}},"11":{"start":{"line":26,"column":12},"end":{"line":26,"column":28}},"12":{"start":{"line":28,"column":12},"end":{"line":28,"column":24}},"13":{"start":{"line":33,"column":8},"end":{"line":41,"column":9}},"14":{"start":{"line":34,"column":46},"end":{"line":37,"column":14}},"15":{"start":{"line":38,"column":12},"end":{"line":38,"column":36}},"16":{"start":{"line":40,"column":12},"end":{"line":40,"column":24}},"17":{"start":{"line":45,"column":8},"end":{"line":53,"column":9}},"18":{"start":{"line":46,"column":29},"end":{"line":46,"column":56}},"19":{"start":{"line":47,"column":12},"end":{"line":49,"column":13}},"20":{"start":{"line":48,"column":16},"end":{"line":48,"column":41}},"21":{"start":{"line":50,"column":12},"end":{"line":50,"column":28}},"22":{"start":{"line":52,"column":12},"end":{"line":52,"column":24}},"23":{"start":{"line":57,"column":13},"end":{"line":57,"column":53}}},"fnMap":{"0":{"name":"(anonymous_1)","decl":{"start":{"line":5,"column":11},"end":{"line":5,"column":16}},"loc":{"start":{"line":5,"column":24},"end":{"line":12,"column":5}}},"1":{"name":"(anonymous_2)","decl":{"start":{"line":14,"column":11},"end":{"line":14,"column":16}},"loc":{"start":{"line":14,"column":36},"end":{"line":21,"column":5}}},"2":{"name":"(anonymous_3)","decl":{"start":{"line":23,"column":11},"end":{"line":23,"column":16}},"loc":{"start":{"line":23,"column":64},"end":{"line":30,"column":5}}},"3":{"name":"(anonymous_4)","decl":{"start":{"line":32,"column":11},"end":{"line":32,"column":16}},"loc":{"start":{"line":32,"column":74},"end":{"line":42,"column":5}}},"4":{"name":"(anonymous_5)","decl":{"start":{"line":44,"column":11},"end":{"line":44,"column":16}},"loc":{"start":{"line":44,"column":34},"end":{"line":54,"column":5}}}},"branchMap":{"0":{"loc":{"start":{"line":38,"column":19},"end":{"line":38,"column":35}},"type":"binary-expr","locations":[{"start":{"line":38,"column":19},"end":{"line":38,"column":27}},{"start":{"line":38,"column":31},"end":{"line":38,"column":35}}]},"1":{"loc":{"start":{"line":47,"column":12},"end":{"line":49,"column":13}},"type":"if","locations":[{"start":{"line":47,"column":12},"end":{"line":49,"column":13}}]}},"s":{"0":1,"1":2,"2":2,"3":1,"4":1,"5":2,"6":2,"7":2,"8":0,"9":1,"10":1,"11":1,"12":0,"13":2,"14":2,"15":2,"16":0,"17":2,"18":2,"19":2,"20":1,"21":2,"22":0,"23":1},"f":{"0":2,"1":2,"2":1,"3":2,"4":2},"b":{"0":[2,1],"1":[1]}}
,"C:\\Users\\Admin\\Desktop\\Universidad\\Séptimo semeste\\Compunet III\\backend-nodejs\\src\\services\\index.ts": {"path":"C:\\Users\\Admin\\Desktop\\Universidad\\Séptimo semeste\\Compunet III\\backend-nodejs\\src\\services\\index.ts","statementMap":{"0":{"start":{"line":1,"column":0},"end":{"line":1,"column":31}}},"fnMap":{},"branchMap":{},"s":{"0":0},"f":{},"b":{}}
,"C:\\Users\\Admin\\Desktop\\Universidad\\Séptimo semeste\\Compunet III\\backend-nodejs\\src\\services\\product.service.ts": {"path":"C:\\Users\\Admin\\Desktop\\Universidad\\Séptimo semeste\\Compunet III\\backend-nodejs\\src\\services\\product.service.ts","statementMap":{"0":{"start":{"line":1,"column":0},"end":{"line":1,"column":46}},"1":{"start":{"line":2,"column":0},"end":{"line":2,"column":48}},"2":{"start":{"line":6,"column":8},"end":{"line":13,"column":9}},"3":{"start":{"line":7,"column":29},"end":{"line":9,"column":14}},"4":{"start":{"line":10,"column":12},"end":{"line":10,"column":28}},"5":{"start":{"line":12,"column":12},"end":{"line":12,"column":24}},"6":{"start":{"line":17,"column":8},"end":{"line":24,"column":9}},"7":{"start":{"line":18,"column":28},"end":{"line":20,"column":14}},"8":{"start":{"line":21,"column":12},"end":{"line":21,"column":27}},"9":{"start":{"line":23,"column":12},"end":{"line":23,"column":24}},"10":{"start":{"line":28,"column":8},"end":{"line":36,"column":9}},"11":{"start":{"line":29,"column":29},"end":{"line":32,"column":14}},"12":{"start":{"line":33,"column":12},"end":{"line":33,"column":28}},"13":{"start":{"line":35,"column":12},"end":{"line":35,"column":24}},"14":{"start":{"line":40,"column":8},"end":{"line":45,"column":9}},"15":{"start":{"line":41,"column":28},"end":{"line":41,"column":61}},"16":{"start":{"line":42,"column":12},"end":{"line":42,"column":27}},"17":{"start":{"line":44,"column":12},"end":{"line":44,"column":24}},"18":{"start":{"line":49,"column":8},"end":{"line":57,"column":9}},"19":{"start":{"line":50,"column":45},"end":{"line":53,"column":14}},"20":{"start":{"line":54,"column":12},"end":{"line":54,"column":35}},"21":{"start":{"line":56,"column":12},"end":{"line":56,"column":24}},"22":{"start":{"line":61,"column":8},"end":{"line":69,"column":9}},"23":{"start":{"line":62,"column":28},"end":{"line":62,"column":54}},"24":{"start":{"line":63,"column":12},"end":{"line":65,"column":13}},"25":{"start":{"line":64,"column":16},"end":{"line":64,"column":40}},"26":{"start":{"line":66,"column":12},"end":{"line":66,"column":27}},"27":{"start":{"line":68,"column":12},"end":{"line":68,"column":24}},"28":{"start":{"line":73,"column":13},"end":{"line":73,"column":51}}},"fnMap":{"0":{"name":"(anonymous_1)","decl":{"start":{"line":5,"column":11},"end":{"line":5,"column":16}},"loc":{"start":{"line":5,"column":24},"end":{"line":14,"column":5}}},"1":{"name":"(anonymous_2)","decl":{"start":{"line":16,"column":11},"end":{"line":16,"column":16}},"loc":{"start":{"line":16,"column":36},"end":{"line":25,"column":5}}},"2":{"name":"(anonymous_3)","decl":{"start":{"line":27,"column":11},"end":{"line":27,"column":16}},"loc":{"start":{"line":27,"column":50},"end":{"line":37,"column":5}}},"3":{"name":"(anonymous_4)","decl":{"start":{"line":39,"column":11},"end":{"line":39,"column":16}},"loc":{"start":{"line":39,"column":40},"end":{"line":46,"column":5}}},"4":{"name":"(anonymous_5)","decl":{"start":{"line":48,"column":11},"end":{"line":48,"column":16}},"loc":{"start":{"line":48,"column":52},"end":{"line":58,"column":5}}},"5":{"name":"(anonymous_6)","decl":{"start":{"line":60,"column":11},"end":{"line":60,"column":16}},"loc":{"start":{"line":60,"column":34},"end":{"line":70,"column":5}}}},"branchMap":{"0":{"loc":{"start":{"line":54,"column":19},"end":{"line":54,"column":34}},"type":"binary-expr","locations":[{"start":{"line":54,"column":19},"end":{"line":54,"column":26}},{"start":{"line":54,"column":30},"end":{"line":54,"column":34}}]},"1":{"loc":{"start":{"line":63,"column":12},"end":{"line":65,"column":13}},"type":"if","locations":[{"start":{"line":63,"column":12},"end":{"line":65,"column":13}}]}},"s":{"0":0,"1":0,"2":0,"3":0,"4":0,"5":0,"6":0,"7":0,"8":0,"9":0,"10":0,"11":0,"12":0,"13":0,"14":0,"15":0,"16":0,"17":0,"18":0,"19":0,"20":0,"21":0,"22":0,"23":0,"24":0,"25":0,"26":0,"27":0,"28":0},"f":{"0":0,"1":0,"2":0,"3":0,"4":0,"5":0},"b":{"0":[0,0],"1":[0]}}
,"C:\\Users\\Admin\\Desktop\\Universidad\\Séptimo semeste\\Compunet III\\backend-nodejs\\src\\services\\user.service.ts": {"path":"C:\\Users\\Admin\\Desktop\\Universidad\\Séptimo semeste\\Compunet III\\backend-nodejs\\src\\services\\user.service.ts","statementMap":{"0":{"start":{"line":1,"column":0},"end":{"line":1,"column":33}},"1":{"start":{"line":3,"column":0},"end":{"line":3,"column":42}},"2":{"start":{"line":4,"column":0},"end":{"line":4,"column":28}},"3":{"start":{"line":5,"column":0},"end":{"line":5,"column":31}},"4":{"start":{"line":10,"column":8},"end":{"line":30,"column":9}},"5":{"start":{"line":11,"column":44},"end":{"line":11,"column":83}},"6":{"start":{"line":12,"column":12},"end":{"line":14,"column":13}},"7":{"start":{"line":13,"column":16},"end":{"line":13,"column":64}},"8":{"start":{"line":17,"column":35},"end":{"line":17,"column":76}},"9":{"start":{"line":20,"column":25},"end":{"line":24,"column":14}},"10":{"start":{"line":26,"column":12},"end":{"line":26,"column":30}},"11":{"start":{"line":27,"column":12},"end":{"line":27,"column":24}},"12":{"start":{"line":29,"column":12},"end":{"line":29,"column":24}},"13":{"start":{"line":34,"column":8},"end":{"line":39,"column":9}},"14":{"start":{"line":35,"column":25},"end":{"line":35,"column":61}},"15":{"start":{"line":36,"column":12},"end":{"line":36,"column":24}},"16":{"start":{"line":38,"column":12},"end":{"line":38,"column":24}},"17":{"start":{"line":43,"column":8},"end":{"line":48,"column":9}},"18":{"start":{"line":44,"column":34},"end":{"line":44,"column":54}},"19":{"start":{"line":45,"column":12},"end":{"line":45,"column":25}},"20":{"start":{"line":47,"column":12},"end":{"line":47,"column":24}},"21":{"start":{"line":52,"column":8},"end":{"line":57,"column":9}},"22":{"start":{"line":53,"column":38},"end":{"line":53,"column":61}},"23":{"start":{"line":54,"column":12},"end":{"line":54,"column":24}},"24":{"start":{"line":56,"column":12},"end":{"line":56,"column":24}},"25":{"start":{"line":61,"column":8},"end":{"line":68,"column":9}},"26":{"start":{"line":62,"column":42},"end":{"line":62,"column":106}},"27":{"start":{"line":63,"column":12},"end":{"line":64,"column":35}},"28":{"start":{"line":64,"column":16},"end":{"line":64,"column":35}},"29":{"start":{"line":65,"column":12},"end":{"line":65,"column":24}},"30":{"start":{"line":67,"column":12},"end":{"line":67,"column":24}},"31":{"start":{"line":72,"column":8},"end":{"line":80,"column":9}},"32":{"start":{"line":73,"column":38},"end":{"line":73,"column":61}},"33":{"start":{"line":74,"column":12},"end":{"line":76,"column":13}},"34":{"start":{"line":75,"column":16},"end":{"line":75,"column":37}},"35":{"start":{"line":77,"column":12},"end":{"line":77,"column":24}},"36":{"start":{"line":79,"column":12},"end":{"line":79,"column":24}},"37":{"start":{"line":84,"column":8},"end":{"line":112,"column":9}},"38":{"start":{"line":85,"column":42},"end":{"line":85,"column":81}},"39":{"start":{"line":86,"column":10},"end":{"line":88,"column":11}},"40":{"start":{"line":87,"column":12},"end":{"line":87,"column":50}},"41":{"start":{"line":90,"column":35},"end":{"line":90,"column":96}},"42":{"start":{"line":91,"column":10},"end":{"line":93,"column":11}},"43":{"start":{"line":92,"column":12},"end":{"line":92,"column":50}},"44":{"start":{"line":96,"column":30},"end":{"line":96,"column":75}},"45":{"start":{"line":99,"column":24},"end":{"line":99,"column":79}},"46":{"start":{"line":101,"column":10},"end":{"line":109,"column":12}},"47":{"start":{"line":111,"column":10},"end":{"line":111,"column":22}},"48":{"start":{"line":116,"column":8},"end":{"line":127,"column":9}},"49":{"start":{"line":117,"column":12},"end":{"line":124,"column":36}},"50":{"start":{"line":126,"column":12},"end":{"line":126,"column":24}},"51":{"start":{"line":132,"column":13},"end":{"line":132,"column":45}}},"fnMap":{"0":{"name":"(anonymous_1)","decl":{"start":{"line":9,"column":11},"end":{"line":9,"column":16}},"loc":{"start":{"line":9,"column":44},"end":{"line":31,"column":5}}},"1":{"name":"(anonymous_2)","decl":{"start":{"line":33,"column":12},"end":{"line":33,"column":17}},"loc":{"start":{"line":33,"column":43},"end":{"line":40,"column":5}}},"2":{"name":"(anonymous_3)","decl":{"start":{"line":42,"column":12},"end":{"line":42,"column":17}},"loc":{"start":{"line":42,"column":25},"end":{"line":49,"column":5}}},"3":{"name":"(anonymous_4)","decl":{"start":{"line":51,"column":12},"end":{"line":51,"column":17}},"loc":{"start":{"line":51,"column":37},"end":{"line":58,"column":5}}},"4":{"name":"(anonymous_5)","decl":{"start":{"line":60,"column":12},"end":{"line":60,"column":17}},"loc":{"start":{"line":60,"column":63},"end":{"line":69,"column":5}}},"5":{"name":"(anonymous_6)","decl":{"start":{"line":71,"column":12},"end":{"line":71,"column":17}},"loc":{"start":{"line":71,"column":35},"end":{"line":81,"column":5}}},"6":{"name":"(anonymous_7)","decl":{"start":{"line":83,"column":11},"end":{"line":83,"column":16}},"loc":{"start":{"line":83,"column":43},"end":{"line":113,"column":7}}},"7":{"name":"(anonymous_8)","decl":{"start":{"line":115,"column":11},"end":{"line":115,"column":24}},"loc":{"start":{"line":115,"column":35},"end":{"line":128,"column":5}}}},"branchMap":{"0":{"loc":{"start":{"line":12,"column":12},"end":{"line":14,"column":13}},"type":"if","locations":[{"start":{"line":12,"column":12},"end":{"line":14,"column":13}}]},"1":{"loc":{"start":{"line":23,"column":22},"end":{"line":23,"column":54}},"type":"binary-expr","locations":[{"start":{"line":23,"column":22},"end":{"line":23,"column":36}},{"start":{"line":23,"column":40},"end":{"line":23,"column":54}}]},"2":{"loc":{"start":{"line":63,"column":12},"end":{"line":64,"column":35}},"type":"if","locations":[{"start":{"line":63,"column":12},"end":{"line":64,"column":35}}]},"3":{"loc":{"start":{"line":74,"column":12},"end":{"line":76,"column":13}},"type":"if","locations":[{"start":{"line":74,"column":12},"end":{"line":76,"column":13}}]},"4":{"loc":{"start":{"line":86,"column":10},"end":{"line":88,"column":11}},"type":"if","locations":[{"start":{"line":86,"column":10},"end":{"line":88,"column":11}}]},"5":{"loc":{"start":{"line":91,"column":10},"end":{"line":93,"column":11}},"type":"if","locations":[{"start":{"line":91,"column":10},"end":{"line":93,"column":11}}]},"6":{"loc":{"start":{"line":99,"column":24},"end":{"line":99,"column":79}},"type":"cond-expr","locations":[{"start":{"line":99,"column":65},"end":{"line":99,"column":74}},{"start":{"line":99,"column":77},"end":{"line":99,"column":79}}]},"7":{"loc":{"start":{"line":123,"column":16},"end":{"line":123,"column":50}},"type":"binary-expr","locations":[{"start":{"line":123,"column":16},"end":{"line":123,"column":38}},{"start":{"line":123,"column":42},"end":{"line":123,"column":50}}]}},"s":{"0":0,"1":0,"2":0,"3":0,"4":0,"5":0,"6":0,"7":0,"8":0,"9":0,"10":0,"11":0,"12":0,"13":0,"14":0,"15":0,"16":0,"17":0,"18":0,"19":0,"20":0,"21":0,"22":0,"23":0,"24":0,"25":0,"26":0,"27":0,"28":0,"29":0,"30":0,"31":0,"32":0,"33":0,"34":0,"35":0,"36":0,"37":0,"38":0,"39":0,"40":0,"41":0,"42":0,"43":0,"44":0,"45":0,"46":0,"47":0,"48":0,"49":0,"50":0,"51":0},"f":{"0":0,"1":0,"2":0,"3":0,"4":0,"5":0,"6":0,"7":0},"b":{"0":[0],"1":[0,0],"2":[0],"3":[0],"4":[0],"5":[0],"6":[0,0],"7":[0,0]}}
,"C:\\Users\\Admin\\Desktop\\Universidad\\Séptimo semeste\\Compunet III\\backend-nodejs\\src\\utils\\dbInit.ts": {"path":"C:\\Users\\Admin\\Desktop\\Universidad\\Séptimo semeste\\Compunet III\\backend-nodejs\\src\\utils\\dbInit.ts","statementMap":{"0":{"start":{"line":1,"column":0},"end":{"line":1,"column":43}},"1":{"start":{"line":5,"column":2},"end":{"line":17,"column":3}},"2":{"start":{"line":6,"column":4},"end":{"line":6,"column":35}},"3":{"start":{"line":7,"column":4},"end":{"line":7,"column":52}},"4":{"start":{"line":10,"column":4},"end":{"line":10,"column":42}},"5":{"start":{"line":11,"column":4},"end":{"line":11,"column":62}},"6":{"start":{"line":13,"column":4},"end":{"line":13,"column":20}},"7":{"start":{"line":15,"column":4},"end":{"line":15,"column":57}},"8":{"start":{"line":16,"column":4},"end":{"line":16,"column":20}},"9":{"start":{"line":20,"column":0},"end":{"line":20,"column":21}}},"fnMap":{"0":{"name":"initializeDatabase","decl":{"start":{"line":4,"column":15},"end":{"line":4,"column":33}},"loc":{"start":{"line":4,"column":33},"end":{"line":18,"column":1}}}},"branchMap":{},"s":{"0":0,"1":0,"2":0,"3":0,"4":0,"5":0,"6":0,"7":0,"8":0,"9":0},"f":{"0":0},"b":{}}
}
